<?xml version="1.0" encoding="UTF-8"?>
<testng-results skipped="0" failed="0" total="1" passed="1">
  <reporter-output>
  </reporter-output>
  <suite name="Default suite" duration-ms="27983" started-at="2022-08-19T07:29:17Z" finished-at="2022-08-19T07:29:45Z">
    <groups>
    </groups>
    <test name="Default test" duration-ms="27983" started-at="2022-08-19T07:29:17Z" finished-at="2022-08-19T07:29:45Z">
      <class name="org.gmail.com.Naukri_AutoUpdation">
        <test-method status="PASS" signature="naukriAutoUpdation()[pri:0, instance:org.gmail.com.Naukri_AutoUpdation@614c5515]" name="naukriAutoUpdation" duration-ms="27957" started-at="2022-08-19T12:59:17Z" finished-at="2022-08-19T12:59:45Z">
          <reporter-output>
          </reporter-output>
        </test-method> <!-- naukriAutoUpdation -->
      </class> <!-- org.gmail.com.Naukri_AutoUpdation -->
    </test> <!-- Default test -->
  </suite> <!-- Default suite -->
</testng-results>
